\BOOKMARK [1][-]{section.1}{Indledning}{}% 1
\BOOKMARK [1][-]{section.2}{Problemformulering}{}% 2
\BOOKMARK [1][-]{section.3}{Undersp\370rgsm\345l 1}{}% 3
\BOOKMARK [2][-]{subsection.3.1}{Metode}{section.3}% 4
\BOOKMARK [2][-]{subsection.3.2}{Delkonklusion}{section.3}% 5
\BOOKMARK [1][-]{section.4}{Undersp\370rgsm\345l 2}{}% 6
\BOOKMARK [2][-]{subsection.4.1}{Metode}{section.4}% 7
\BOOKMARK [2][-]{subsection.4.2}{Delkonklusion}{section.4}% 8
\BOOKMARK [1][-]{section.5}{Undersp\370rgsm\345l 3}{}% 9
\BOOKMARK [2][-]{subsection.5.1}{Metode}{section.5}% 10
\BOOKMARK [2][-]{subsection.5.2}{Delkonklusion}{section.5}% 11
\BOOKMARK [1][-]{section.6}{Konklusion}{}% 12
\BOOKMARK [1][-]{section.7}{Perspektivering}{}% 13
\BOOKMARK [1][-]{section.8}{Litteraturliste}{}% 14
\BOOKMARK [1][-]{section.9}{Studierapport}{}% 15
\BOOKMARK [2][-]{subsection.9.1}{AT 1 Klima}{section.9}% 16
\BOOKMARK [2][-]{subsection.9.2}{AT 2 Idr\346t og samfund}{section.9}% 17
\BOOKMARK [2][-]{subsection.9.3}{AT 3 Fremtidens logist. udfordr. p\345 transp.omr\345det}{section.9}% 18
\BOOKMARK [2][-]{subsection.9.4}{AT 4 Videnskabelige gennembrud og teknologiske lan}{section.9}% 19
\BOOKMARK [2][-]{subsection.9.5}{AT 5 \345rspr\370ve Menneskets forhold til naturen}{section.9}% 20
\BOOKMARK [2][-]{subsection.9.6}{AT6}{section.9}% 21
