This is pdfTeX, Version 3.14159265-2.6-1.40.19 (TeX Live 2018/Arch Linux) (preloaded format=pdflatex 2018.9.17)  17 MAR 2019 20:59
entering extended mode
 restricted \write18 enabled.
 %&-line parsing enabled.
**Ke.tex
(./Ke.tex
LaTeX2e <2018-04-01> patch level 5
(/usr/share/texmf-dist/tex/latex/base/article.cls
Document Class: article 2014/09/29 v1.4h Standard LaTeX document class
(/usr/share/texmf-dist/tex/latex/base/size12.clo
File: size12.clo 2014/09/29 v1.4h Standard LaTeX file (size option)
)
\c@part=\count80
\c@section=\count81
\c@subsection=\count82
\c@subsubsection=\count83
\c@paragraph=\count84
\c@subparagraph=\count85
\c@figure=\count86
\c@table=\count87
\abovecaptionskip=\skip41
\belowcaptionskip=\skip42
\bibindent=\dimen102
)
(/usr/share/texmf-dist/tex/latex/amsmath/amsmath.sty
Package: amsmath 2017/09/02 v2.17a AMS math features
\@mathmargin=\skip43

For additional information on amsmath, use the `?' option.
(/usr/share/texmf-dist/tex/latex/amsmath/amstext.sty
Package: amstext 2000/06/29 v2.01 AMS text

(/usr/share/texmf-dist/tex/latex/amsmath/amsgen.sty
File: amsgen.sty 1999/11/30 v2.0 generic functions
\@emptytoks=\toks14
\ex@=\dimen103
))
(/usr/share/texmf-dist/tex/latex/amsmath/amsbsy.sty
Package: amsbsy 1999/11/29 v1.2d Bold Symbols
\pmbraise@=\dimen104
)
(/usr/share/texmf-dist/tex/latex/amsmath/amsopn.sty
Package: amsopn 2016/03/08 v2.02 operator names
)
\inf@bad=\count88
LaTeX Info: Redefining \frac on input line 213.
\uproot@=\count89
\leftroot@=\count90
LaTeX Info: Redefining \overline on input line 375.
\classnum@=\count91
\DOTSCASE@=\count92
LaTeX Info: Redefining \ldots on input line 472.
LaTeX Info: Redefining \dots on input line 475.
LaTeX Info: Redefining \cdots on input line 596.
\Mathstrutbox@=\box26
\strutbox@=\box27
\big@size=\dimen105
LaTeX Font Info:    Redeclaring font encoding OML on input line 712.
LaTeX Font Info:    Redeclaring font encoding OMS on input line 713.
\macc@depth=\count93
\c@MaxMatrixCols=\count94
\dotsspace@=\muskip10
\c@parentequation=\count95
\dspbrk@lvl=\count96
\tag@help=\toks15
\row@=\count97
\column@=\count98
\maxfields@=\count99
\andhelp@=\toks16
\eqnshift@=\dimen106
\alignsep@=\dimen107
\tagshift@=\dimen108
\tagwidth@=\dimen109
\totwidth@=\dimen110
\lineht@=\dimen111
\@envbody=\toks17
\multlinegap=\skip44
\multlinetaggap=\skip45
\mathdisplay@stack=\toks18
LaTeX Info: Redefining \[ on input line 2817.
LaTeX Info: Redefining \] on input line 2818.
)
(/usr/share/texmf-dist/tex/generic/chemfig/chemfig.sty
(/usr/share/texmf-dist/tex/latex/pgf/frontendlayer/tikz.sty
(/usr/share/texmf-dist/tex/latex/pgf/basiclayer/pgf.sty
(/usr/share/texmf-dist/tex/latex/pgf/utilities/pgfrcs.sty
(/usr/share/texmf-dist/tex/generic/pgf/utilities/pgfutil-common.tex
\pgfutil@everybye=\toks19
\pgfutil@tempdima=\dimen112
\pgfutil@tempdimb=\dimen113

(/usr/share/texmf-dist/tex/generic/pgf/utilities/pgfutil-common-lists.tex))
(/usr/share/texmf-dist/tex/generic/pgf/utilities/pgfutil-latex.def
\pgfutil@abb=\box28

(/usr/share/texmf-dist/tex/latex/ms/everyshi.sty
Package: everyshi 2001/05/15 v3.00 EveryShipout Package (MS)
))
(/usr/share/texmf-dist/tex/generic/pgf/utilities/pgfrcs.code.tex
Package: pgfrcs 2015/08/07 v3.0.1a (rcs-revision 1.31)
))
Package: pgf 2015/08/07 v3.0.1a (rcs-revision 1.15)

(/usr/share/texmf-dist/tex/latex/pgf/basiclayer/pgfcore.sty
(/usr/share/texmf-dist/tex/latex/graphics/graphicx.sty
Package: graphicx 2017/06/01 v1.1a Enhanced LaTeX Graphics (DPC,SPQR)

(/usr/share/texmf-dist/tex/latex/graphics/keyval.sty
Package: keyval 2014/10/28 v1.15 key=value parser (DPC)
\KV@toks@=\toks20
)
(/usr/share/texmf-dist/tex/latex/graphics/graphics.sty
Package: graphics 2017/06/25 v1.2c Standard LaTeX Graphics (DPC,SPQR)

(/usr/share/texmf-dist/tex/latex/graphics/trig.sty
Package: trig 2016/01/03 v1.10 sin cos tan (DPC)
)
(/usr/share/texmf-dist/tex/latex/graphics-cfg/graphics.cfg
File: graphics.cfg 2016/06/04 v1.11 sample graphics configuration
)
Package graphics Info: Driver file: pdftex.def on input line 99.

(/usr/share/texmf-dist/tex/latex/graphics-def/pdftex.def
File: pdftex.def 2018/01/08 v1.0l Graphics/color driver for pdftex
))
\Gin@req@height=\dimen114
\Gin@req@width=\dimen115
)
(/usr/share/texmf-dist/tex/latex/pgf/systemlayer/pgfsys.sty
(/usr/share/texmf-dist/tex/generic/pgf/systemlayer/pgfsys.code.tex
Package: pgfsys 2014/07/09 v3.0.1a (rcs-revision 1.48)

(/usr/share/texmf-dist/tex/generic/pgf/utilities/pgfkeys.code.tex
\pgfkeys@pathtoks=\toks21
\pgfkeys@temptoks=\toks22

(/usr/share/texmf-dist/tex/generic/pgf/utilities/pgfkeysfiltered.code.tex
\pgfkeys@tmptoks=\toks23
))
\pgf@x=\dimen116
\pgf@y=\dimen117
\pgf@xa=\dimen118
\pgf@ya=\dimen119
\pgf@xb=\dimen120
\pgf@yb=\dimen121
\pgf@xc=\dimen122
\pgf@yc=\dimen123
\w@pgf@writea=\write3
\r@pgf@reada=\read1
\c@pgf@counta=\count100
\c@pgf@countb=\count101
\c@pgf@countc=\count102
\c@pgf@countd=\count103
\t@pgf@toka=\toks24
\t@pgf@tokb=\toks25
\t@pgf@tokc=\toks26

(/usr/share/texmf-dist/tex/generic/pgf/systemlayer/pgf.cfg
File: pgf.cfg 2008/05/14  (rcs-revision 1.7)
)
Driver file for pgf: pgfsys-pdftex.def

(/usr/share/texmf-dist/tex/generic/pgf/systemlayer/pgfsys-pdftex.def
File: pgfsys-pdftex.def 2014/10/11  (rcs-revision 1.35)

(/usr/share/texmf-dist/tex/generic/pgf/systemlayer/pgfsys-common-pdf.def
File: pgfsys-common-pdf.def 2013/10/10  (rcs-revision 1.13)
)))
(/usr/share/texmf-dist/tex/generic/pgf/systemlayer/pgfsyssoftpath.code.tex
File: pgfsyssoftpath.code.tex 2013/09/09  (rcs-revision 1.9)
\pgfsyssoftpath@smallbuffer@items=\count104
\pgfsyssoftpath@bigbuffer@items=\count105
)
(/usr/share/texmf-dist/tex/generic/pgf/systemlayer/pgfsysprotocol.code.tex
File: pgfsysprotocol.code.tex 2006/10/16  (rcs-revision 1.4)
))
(/usr/share/texmf-dist/tex/latex/xcolor/xcolor.sty
Package: xcolor 2016/05/11 v2.12 LaTeX color extensions (UK)

(/usr/share/texmf-dist/tex/latex/graphics-cfg/color.cfg
File: color.cfg 2016/01/02 v1.6 sample color configuration
)
Package xcolor Info: Driver file: pdftex.def on input line 225.
Package xcolor Info: Model `cmy' substituted by `cmy0' on input line 1348.
Package xcolor Info: Model `hsb' substituted by `rgb' on input line 1352.
Package xcolor Info: Model `RGB' extended on input line 1364.
Package xcolor Info: Model `HTML' substituted by `rgb' on input line 1366.
Package xcolor Info: Model `Hsb' substituted by `hsb' on input line 1367.
Package xcolor Info: Model `tHsb' substituted by `hsb' on input line 1368.
Package xcolor Info: Model `HSB' substituted by `hsb' on input line 1369.
Package xcolor Info: Model `Gray' substituted by `gray' on input line 1370.
Package xcolor Info: Model `wave' substituted by `hsb' on input line 1371.
)
(/usr/share/texmf-dist/tex/generic/pgf/basiclayer/pgfcore.code.tex
Package: pgfcore 2010/04/11 v3.0.1a (rcs-revision 1.7)

(/usr/share/texmf-dist/tex/generic/pgf/math/pgfmath.code.tex
(/usr/share/texmf-dist/tex/generic/pgf/math/pgfmathcalc.code.tex
(/usr/share/texmf-dist/tex/generic/pgf/math/pgfmathutil.code.tex)
(/usr/share/texmf-dist/tex/generic/pgf/math/pgfmathparser.code.tex
\pgfmath@dimen=\dimen124
\pgfmath@count=\count106
\pgfmath@box=\box29
\pgfmath@toks=\toks27
\pgfmath@stack@operand=\toks28
\pgfmath@stack@operation=\toks29
)
(/usr/share/texmf-dist/tex/generic/pgf/math/pgfmathfunctions.code.tex
(/usr/share/texmf-dist/tex/generic/pgf/math/pgfmathfunctions.basic.code.tex)
(/usr/share/texmf-dist/tex/generic/pgf/math/pgfmathfunctions.trigonometric.code
.tex)
(/usr/share/texmf-dist/tex/generic/pgf/math/pgfmathfunctions.random.code.tex)
(/usr/share/texmf-dist/tex/generic/pgf/math/pgfmathfunctions.comparison.code.te
x) (/usr/share/texmf-dist/tex/generic/pgf/math/pgfmathfunctions.base.code.tex)
(/usr/share/texmf-dist/tex/generic/pgf/math/pgfmathfunctions.round.code.tex)
(/usr/share/texmf-dist/tex/generic/pgf/math/pgfmathfunctions.misc.code.tex)
(/usr/share/texmf-dist/tex/generic/pgf/math/pgfmathfunctions.integerarithmetics
.code.tex))) (/usr/share/texmf-dist/tex/generic/pgf/math/pgfmathfloat.code.tex
\c@pgfmathroundto@lastzeros=\count107
)) (/usr/share/texmf-dist/tex/generic/pgf/basiclayer/pgfcorepoints.code.tex
File: pgfcorepoints.code.tex 2013/10/07  (rcs-revision 1.27)
\pgf@picminx=\dimen125
\pgf@picmaxx=\dimen126
\pgf@picminy=\dimen127
\pgf@picmaxy=\dimen128
\pgf@pathminx=\dimen129
\pgf@pathmaxx=\dimen130
\pgf@pathminy=\dimen131
\pgf@pathmaxy=\dimen132
\pgf@xx=\dimen133
\pgf@xy=\dimen134
\pgf@yx=\dimen135
\pgf@yy=\dimen136
\pgf@zx=\dimen137
\pgf@zy=\dimen138
)
(/usr/share/texmf-dist/tex/generic/pgf/basiclayer/pgfcorepathconstruct.code.tex
File: pgfcorepathconstruct.code.tex 2013/10/07  (rcs-revision 1.29)
\pgf@path@lastx=\dimen139
\pgf@path@lasty=\dimen140
) (/usr/share/texmf-dist/tex/generic/pgf/basiclayer/pgfcorepathusage.code.tex
File: pgfcorepathusage.code.tex 2014/11/02  (rcs-revision 1.24)
\pgf@shorten@end@additional=\dimen141
\pgf@shorten@start@additional=\dimen142
)
(/usr/share/texmf-dist/tex/generic/pgf/basiclayer/pgfcorescopes.code.tex
File: pgfcorescopes.code.tex 2015/05/08  (rcs-revision 1.46)
\pgfpic=\box30
\pgf@hbox=\box31
\pgf@layerbox@main=\box32
\pgf@picture@serial@count=\count108
)
(/usr/share/texmf-dist/tex/generic/pgf/basiclayer/pgfcoregraphicstate.code.tex
File: pgfcoregraphicstate.code.tex 2014/11/02  (rcs-revision 1.12)
\pgflinewidth=\dimen143
)
(/usr/share/texmf-dist/tex/generic/pgf/basiclayer/pgfcoretransformations.code.t
ex
File: pgfcoretransformations.code.tex 2015/08/07  (rcs-revision 1.20)
\pgf@pt@x=\dimen144
\pgf@pt@y=\dimen145
\pgf@pt@temp=\dimen146
) (/usr/share/texmf-dist/tex/generic/pgf/basiclayer/pgfcorequick.code.tex
File: pgfcorequick.code.tex 2008/10/09  (rcs-revision 1.3)
)
(/usr/share/texmf-dist/tex/generic/pgf/basiclayer/pgfcoreobjects.code.tex
File: pgfcoreobjects.code.tex 2006/10/11  (rcs-revision 1.2)
)
(/usr/share/texmf-dist/tex/generic/pgf/basiclayer/pgfcorepathprocessing.code.te
x
File: pgfcorepathprocessing.code.tex 2013/09/09  (rcs-revision 1.9)
) (/usr/share/texmf-dist/tex/generic/pgf/basiclayer/pgfcorearrows.code.tex
File: pgfcorearrows.code.tex 2015/05/14  (rcs-revision 1.43)
\pgfarrowsep=\dimen147
)
(/usr/share/texmf-dist/tex/generic/pgf/basiclayer/pgfcoreshade.code.tex
File: pgfcoreshade.code.tex 2013/07/15  (rcs-revision 1.15)
\pgf@max=\dimen148
\pgf@sys@shading@range@num=\count109
)
(/usr/share/texmf-dist/tex/generic/pgf/basiclayer/pgfcoreimage.code.tex
File: pgfcoreimage.code.tex 2013/07/15  (rcs-revision 1.18)

(/usr/share/texmf-dist/tex/generic/pgf/basiclayer/pgfcoreexternal.code.tex
File: pgfcoreexternal.code.tex 2014/07/09  (rcs-revision 1.21)
\pgfexternal@startupbox=\box33
))
(/usr/share/texmf-dist/tex/generic/pgf/basiclayer/pgfcorelayers.code.tex
File: pgfcorelayers.code.tex 2013/07/18  (rcs-revision 1.7)
)
(/usr/share/texmf-dist/tex/generic/pgf/basiclayer/pgfcoretransparency.code.tex
File: pgfcoretransparency.code.tex 2013/09/30  (rcs-revision 1.5)
) (/usr/share/texmf-dist/tex/generic/pgf/basiclayer/pgfcorepatterns.code.tex
File: pgfcorepatterns.code.tex 2013/11/07  (rcs-revision 1.5)
)))
(/usr/share/texmf-dist/tex/generic/pgf/modules/pgfmoduleshapes.code.tex
File: pgfmoduleshapes.code.tex 2014/03/21  (rcs-revision 1.35)
\pgfnodeparttextbox=\box34
)
(/usr/share/texmf-dist/tex/generic/pgf/modules/pgfmoduleplot.code.tex
File: pgfmoduleplot.code.tex 2015/08/03  (rcs-revision 1.13)
)
(/usr/share/texmf-dist/tex/latex/pgf/compatibility/pgfcomp-version-0-65.sty
Package: pgfcomp-version-0-65 2007/07/03 v3.0.1a (rcs-revision 1.7)
\pgf@nodesepstart=\dimen149
\pgf@nodesepend=\dimen150
)
(/usr/share/texmf-dist/tex/latex/pgf/compatibility/pgfcomp-version-1-18.sty
Package: pgfcomp-version-1-18 2007/07/23 v3.0.1a (rcs-revision 1.1)
))
(/usr/share/texmf-dist/tex/latex/pgf/utilities/pgffor.sty
(/usr/share/texmf-dist/tex/latex/pgf/utilities/pgfkeys.sty
(/usr/share/texmf-dist/tex/generic/pgf/utilities/pgfkeys.code.tex))
(/usr/share/texmf-dist/tex/latex/pgf/math/pgfmath.sty
(/usr/share/texmf-dist/tex/generic/pgf/math/pgfmath.code.tex))
(/usr/share/texmf-dist/tex/generic/pgf/utilities/pgffor.code.tex
Package: pgffor 2013/12/13 v3.0.1a (rcs-revision 1.25)

(/usr/share/texmf-dist/tex/generic/pgf/math/pgfmath.code.tex)
\pgffor@iter=\dimen151
\pgffor@skip=\dimen152
\pgffor@stack=\toks30
\pgffor@toks=\toks31
))
(/usr/share/texmf-dist/tex/generic/pgf/frontendlayer/tikz/tikz.code.tex
Package: tikz 2015/08/07 v3.0.1a (rcs-revision 1.151)

(/usr/share/texmf-dist/tex/generic/pgf/libraries/pgflibraryplothandlers.code.te
x
File: pgflibraryplothandlers.code.tex 2013/08/31 v3.0.1a (rcs-revision 1.20)
\pgf@plot@mark@count=\count110
\pgfplotmarksize=\dimen153
)
\tikz@lastx=\dimen154
\tikz@lasty=\dimen155
\tikz@lastxsaved=\dimen156
\tikz@lastysaved=\dimen157
\tikzleveldistance=\dimen158
\tikzsiblingdistance=\dimen159
\tikz@figbox=\box35
\tikz@figbox@bg=\box36
\tikz@tempbox=\box37
\tikz@tempbox@bg=\box38
\tikztreelevel=\count111
\tikznumberofchildren=\count112
\tikznumberofcurrentchild=\count113
\tikz@fig@count=\count114
 (/usr/share/texmf-dist/tex/generic/pgf/modules/pgfmodulematrix.code.tex
File: pgfmodulematrix.code.tex 2013/09/17  (rcs-revision 1.8)
\pgfmatrixcurrentrow=\count115
\pgfmatrixcurrentcolumn=\count116
\pgf@matrix@numberofcolumns=\count117
)
\tikz@expandcount=\count118

(/usr/share/texmf-dist/tex/generic/pgf/frontendlayer/tikz/libraries/tikzlibrary
topaths.code.tex
File: tikzlibrarytopaths.code.tex 2008/06/17 v3.0.1a (rcs-revision 1.2)
))) (/usr/share/texmf-dist/tex/generic/chemfig/chemfig.tex
(/usr/share/texmf-dist/tex/generic/simplekv/simplekv.tex)
(/usr/share/texmf-dist/tex/generic/pgf/libraries/pgflibraryarrows.meta.code.tex
File: pgflibraryarrows.meta.code.tex 2015/05/13 v3.0.1a (rcs-revision 1.13)
\pgfarrowinset=\dimen160
\pgfarrowlength=\dimen161
\pgfarrowwidth=\dimen162
\pgfarrowlinewidth=\dimen163
)
\CF@cnt@atomingroup=\count119
\CF@cnt@groupnumber=\count120
\CF@cnt@atomnumber=\count121
\CF@cnt@cycle=\count122
\CF@compound@cnt=\count123
\CF@dim=\dimen164
\CF@arrow@size=\dimen165
\CF@lewis@box=\box39
\CF@box@boxa=\box40
\CF@stuff@box=\box41
)
Package: chemfig 2018/08/23 v1.32 Draw molecule with an easy syntax (CT)
) (/usr/share/texmf-dist/tex/latex/mhchem/mhchem.sty
Package: mhchem 2018/06/22 v4.08 for typesetting chemical formulae

(/usr/share/texmf-dist/tex/latex/l3kernel/expl3.sty
Package: expl3 2018-08-23 L3 programming layer (loader) 

(/usr/share/texmf-dist/tex/latex/l3kernel/expl3-code.tex
Package: expl3 2018-08-23 L3 programming layer (code)
\c_max_int=\count124
\l_tmpa_int=\count125
\l_tmpb_int=\count126
\g_tmpa_int=\count127
\g_tmpb_int=\count128
\g__kernel_prg_map_int=\count129
\c_log_iow=\count130
\l_iow_line_count_int=\count131
\l__iow_line_target_int=\count132
\l__iow_one_indent_int=\count133
\l__iow_indent_int=\count134
\c_zero_dim=\dimen166
\c_max_dim=\dimen167
\l_tmpa_dim=\dimen168
\l_tmpb_dim=\dimen169
\g_tmpa_dim=\dimen170
\g_tmpb_dim=\dimen171
\c_zero_skip=\skip46
\c_max_skip=\skip47
\l_tmpa_skip=\skip48
\l_tmpb_skip=\skip49
\g_tmpa_skip=\skip50
\g_tmpb_skip=\skip51
\c_zero_muskip=\muskip11
\c_max_muskip=\muskip12
\l_tmpa_muskip=\muskip13
\l_tmpb_muskip=\muskip14
\g_tmpa_muskip=\muskip15
\g_tmpb_muskip=\muskip16
\l_keys_choice_int=\count135
\l__intarray_loop_int=\count136
\c__intarray_sp_dim=\dimen172
\g__intarray_font_int=\count137
\c__fp_leading_shift_int=\count138
\c__fp_middle_shift_int=\count139
\c__fp_trailing_shift_int=\count140
\c__fp_big_leading_shift_int=\count141
\c__fp_big_middle_shift_int=\count142
\c__fp_big_trailing_shift_int=\count143
\c__fp_Bigg_leading_shift_int=\count144
\c__fp_Bigg_middle_shift_int=\count145
\c__fp_Bigg_trailing_shift_int=\count146
\c__kernel_randint_max_int=\count147
\g__fp_array_int=\count148
\l__fp_array_loop_int=\count149
\l__sort_length_int=\count150
\l__sort_min_int=\count151
\l__sort_top_int=\count152
\l__sort_max_int=\count153
\l__sort_true_max_int=\count154
\l__sort_block_int=\count155
\l__sort_begin_int=\count156
\l__sort_end_int=\count157
\l__sort_A_int=\count158
\l__sort_B_int=\count159
\l__sort_C_int=\count160
\l__tl_analysis_normal_int=\count161
\l__tl_analysis_index_int=\count162
\l__tl_analysis_nesting_int=\count163
\l__tl_analysis_type_int=\count164
\l__regex_internal_a_int=\count165
\l__regex_internal_b_int=\count166
\l__regex_internal_c_int=\count167
\l__regex_balance_int=\count168
\l__regex_group_level_int=\count169
\l__regex_mode_int=\count170
\c__regex_cs_in_class_mode_int=\count171
\c__regex_cs_mode_int=\count172
\l__regex_catcodes_int=\count173
\l__regex_default_catcodes_int=\count174
\c__regex_catcode_D_int=\count175
\c__regex_catcode_S_int=\count176
\c__regex_catcode_L_int=\count177
\c__regex_catcode_O_int=\count178
\c__regex_catcode_A_int=\count179
\c__regex_all_catcodes_int=\count180
\l__regex_show_lines_int=\count181
\l__regex_min_state_int=\count182
\l__regex_max_state_int=\count183
\l__regex_left_state_int=\count184
\l__regex_right_state_int=\count185
\l__regex_capturing_group_int=\count186
\l__regex_min_pos_int=\count187
\l__regex_max_pos_int=\count188
\l__regex_curr_pos_int=\count189
\l__regex_start_pos_int=\count190
\l__regex_success_pos_int=\count191
\l__regex_curr_char_int=\count192
\l__regex_curr_catcode_int=\count193
\l__regex_last_char_int=\count194
\l__regex_case_changed_char_int=\count195
\l__regex_curr_state_int=\count196
\l__regex_step_int=\count197
\l__regex_min_active_int=\count198
\l__regex_max_active_int=\count199
\l__regex_replacement_csnames_int=\count266
\l__regex_match_count_int=\count267
\l__regex_min_submatch_int=\count268
\l__regex_submatch_int=\count269
\l__regex_zeroth_submatch_int=\count270
\g__regex_trace_regex_int=\count271
\c_empty_box=\box42
\l_tmpa_box=\box43
\l_tmpb_box=\box44
\g_tmpa_box=\box45
\g_tmpb_box=\box46
\l__box_top_dim=\dimen173
\l__box_bottom_dim=\dimen174
\l__box_left_dim=\dimen175
\l__box_right_dim=\dimen176
\l__box_top_new_dim=\dimen177
\l__box_bottom_new_dim=\dimen178
\l__box_left_new_dim=\dimen179
\l__box_right_new_dim=\dimen180
\l__box_internal_box=\box47
\l__coffin_internal_box=\box48
\l__coffin_internal_dim=\dimen181
\l__coffin_offset_x_dim=\dimen182
\l__coffin_offset_y_dim=\dimen183
\l__coffin_x_dim=\dimen184
\l__coffin_y_dim=\dimen185
\l__coffin_x_prime_dim=\dimen186
\l__coffin_y_prime_dim=\dimen187
\c_empty_coffin=\box49
\l__coffin_aligned_coffin=\box50
\l__coffin_aligned_internal_coffin=\box51
\l_tmpa_coffin=\box52
\l_tmpb_coffin=\box53
\l__coffin_display_coffin=\box54
\l__coffin_display_coord_coffin=\box55
\l__coffin_display_pole_coffin=\box56
\l__coffin_display_offset_dim=\dimen188
\l__coffin_display_x_dim=\dimen189
\l__coffin_display_y_dim=\dimen190
\g__file_internal_ior=\read2
\l__coffin_bounding_shift_dim=\dimen191
\l__coffin_left_corner_dim=\dimen192
\l__coffin_right_corner_dim=\dimen193
\l__coffin_bottom_corner_dim=\dimen194
\l__coffin_top_corner_dim=\dimen195
\l__coffin_scaled_total_height_dim=\dimen196
\l__coffin_scaled_width_dim=\dimen197
\l__seq_internal_a_int=\count272
\l__seq_internal_b_int=\count273
)
(/usr/share/texmf-dist/tex/latex/l3kernel/l3pdfmode.def
File: l3pdfmode.def 2018-08-23 v L3 Experimental driver: PDF mode
\l__driver_color_stack_int=\count274
))
(/usr/share/texmf-dist/tex/latex/l3packages/l3keys2e/l3keys2e.sty
Package: l3keys2e 2018-08-23 LaTeX2e option processing using LaTeX3 keys
)
(/usr/share/texmf-dist/tex/latex/tools/calc.sty
Package: calc 2017/05/25 v4.3 Infix arithmetic (KKT,FJ)
\calc@Acount=\count275
\calc@Bcount=\count276
\calc@Adimen=\dimen198
\calc@Bdimen=\dimen199
\calc@Askip=\skip52
\calc@Bskip=\skip53
LaTeX Info: Redefining \setlength on input line 80.
LaTeX Info: Redefining \addtolength on input line 81.
\calc@Ccount=\count277
\calc@Cskip=\skip54
)
(/usr/share/texmf-dist/tex/latex/chemgreek/chemgreek.sty
(/usr/share/texmf-dist/tex/latex/l3packages/xparse/xparse.sty
Package: xparse 2018-08-23 L3 Experimental document command parser
\l__xparse_current_arg_int=\count278
\g__xparse_grabber_int=\count279
\l__xparse_m_args_int=\count280
\l__xparse_mandatory_args_int=\count281
\l__xparse_v_nesting_int=\count282
)
Package: chemgreek 2016/12/20 v1.1 interfaceforuprightgreeklettersforuseinchemi
stry (CN)
\l__chemgreek_tmpa_int=\count283
\g__chemgreek_tmpa_int=\count284
.................................................
. LaTeX info: "xparse/define-command"
. 
. Defining command \newchemgreekmapping with sig. 'O{}mm' on line 336.
.................................................
.................................................
. LaTeX info: "xparse/define-command"
. 
. Defining command \renewchemgreekmapping with sig. 'O{}mm' on line 339.
.................................................
.................................................
. LaTeX info: "xparse/define-command"
. 
. Defining command \declarechemgreekmapping with sig. 'O{}mm' on line 342.
.................................................
.................................................
. LaTeX info: "xparse/define-command"
. 
. Defining command \newchemgreekmappingalias with sig. 'mm' on line 347.
.................................................
.................................................
. LaTeX info: "xparse/define-command"
. 
. Defining command \renewchemgreekmappingalias with sig. 'mm' on line 350.
.................................................
.................................................
. LaTeX info: "xparse/define-command"
. 
. Defining command \declarechemgreekmappingalias with sig. 'mm' on line 353.
.................................................
.................................................
. LaTeX info: "xparse/define-command"
. 
. Defining command \changechemgreeksymbol with sig. 'mmmm' on line 383.
.................................................
.................................................
. LaTeX info: "xparse/define-command"
. 
. Defining command \chemgreekmappingsymbol with sig. 'mm' on line 477.
.................................................
.................................................
. LaTeX info: "xparse/define-command"
. 
. Defining command \activatechemgreekmapping with sig. 'sm' on line 486.
.................................................
.................................................
. LaTeX info: "xparse/define-command"
. 
. Defining command \selectchemgreekmapping with sig. 'm' on line 491.
.................................................
)
\l__mhchem_ce_distanceFromLastComma_int=\count285
\__mhchem_arrow_extPgfLength_skip=\skip55
\mhchem@minispace@tmp=\skip56
\mhchem@minibackspace@tmp=\skip57
\mhchem@bondwidth=\skip58
\mhchem@bondheight=\skip59
\mhchem@smallbondwidth@tmpA=\skip60
\mhchem@smallbondwidth@tmpB=\skip61
\mhchem@smallbondwidth=\skip62
\mhchem@bondtmp@minussidebearingleft=\skip63
\mhchem@bondtmp@minussidebearingright=\skip64
\l__mhchem_option_version_int=\count286
\mhchem@option@minusmathsidebearingleft=\dimen256
\mhchem@option@minusmathsidebearingright=\dimen257
\mhchem@option@minustextsidebearingleft=\dimen258
\mhchem@option@minustextsidebearingright=\dimen259


Package mhchem Warning: You did not specify a 'version' option for the mhchem
(mhchem)                package. Please write \usepackage[version=4]{mhchem}
(mhchem)                in your preamble (or any lower number for
(mhchem)                compatibility mode), because you might get slightly
(mhchem)                different output with the same input in future versions
.

) (/usr/share/texmf-dist/tex/latex/base/inputenc.sty
Package: inputenc 2018/04/06 v1.3b Input encoding file
\inpenc@prehook=\toks32
\inpenc@posthook=\toks33
)
(/usr/share/texmf-dist/tex/latex/fancyhdr/fancyhdr.sty
Package: fancyhdr 2017/06/30 v3.9a Extensive control of page headers and footer
s
\f@nch@headwidth=\skip65
\f@nch@O@elh=\skip66
\f@nch@O@erh=\skip67
\f@nch@O@olh=\skip68
\f@nch@O@orh=\skip69
\f@nch@O@elf=\skip70
\f@nch@O@erf=\skip71
\f@nch@O@olf=\skip72
\f@nch@O@orf=\skip73
)
(/usr/share/texmf-dist/tex/latex/pdfpages/pdfpages.sty
Package: pdfpages 2017/10/31 v0.5l Insert pages of external PDF documents (AM)

(/usr/share/texmf-dist/tex/latex/base/ifthen.sty
Package: ifthen 2014/09/29 v1.1c Standard LaTeX ifthen package (DPC)
)
(/usr/share/texmf-dist/tex/latex/eso-pic/eso-pic.sty
Package: eso-pic 2018/04/12 v2.0h eso-pic (RN)

(/usr/share/texmf-dist/tex/generic/oberdiek/atbegshi.sty
Package: atbegshi 2016/06/09 v1.18 At begin shipout hook (HO)

(/usr/share/texmf-dist/tex/generic/oberdiek/infwarerr.sty
Package: infwarerr 2016/05/16 v1.4 Providing info/warning/error messages (HO)
)
(/usr/share/texmf-dist/tex/generic/oberdiek/ltxcmds.sty
Package: ltxcmds 2016/05/16 v1.23 LaTeX kernel commands for general use (HO)
)
(/usr/share/texmf-dist/tex/generic/oberdiek/ifpdf.sty
Package: ifpdf 2017/03/15 v3.2 Provides the ifpdf switch
)))
\AM@pagewidth=\dimen260
\AM@pageheight=\dimen261

(/usr/share/texmf-dist/tex/latex/pdfpages/pppdftex.def
File: pppdftex.def 2017/10/31 v0.5l Pdfpages driver for pdfTeX (AM)
)
\AM@pagebox=\box57
\AM@global@opts=\toks34
\AM@toc@title=\toks35
\c@AM@survey=\count287
\AM@templatesizebox=\box58
) (./Ke.aux)
\openout1 = `Ke.aux'.

LaTeX Font Info:    Checking defaults for OML/cmm/m/it on input line 16.
LaTeX Font Info:    ... okay on input line 16.
LaTeX Font Info:    Checking defaults for T1/cmr/m/n on input line 16.
LaTeX Font Info:    ... okay on input line 16.
LaTeX Font Info:    Checking defaults for OT1/cmr/m/n on input line 16.
LaTeX Font Info:    ... okay on input line 16.
LaTeX Font Info:    Checking defaults for OMS/cmsy/m/n on input line 16.
LaTeX Font Info:    ... okay on input line 16.
LaTeX Font Info:    Checking defaults for OMX/cmex/m/n on input line 16.
LaTeX Font Info:    ... okay on input line 16.
LaTeX Font Info:    Checking defaults for U/cmr/m/n on input line 16.
LaTeX Font Info:    ... okay on input line 16.

ABD: EveryShipout initializing macros
(/usr/share/texmf-dist/tex/context/base/mkii/supp-pdf.mkii
[Loading MPS to PDF converter (version 2006.09.02).]
\scratchcounter=\count288
\scratchdimen=\dimen262
\scratchbox=\box59
\nofMPsegments=\count289
\nofMParguments=\count290
\everyMPshowfont=\toks36
\MPscratchCnt=\count291
\MPscratchDim=\dimen263
\MPnumerator=\count292
\makeMPintoPDFobject=\count293
\everyMPtoPDFconversion=\toks37
) (/usr/share/texmf-dist/tex/latex/oberdiek/epstopdf-base.sty
Package: epstopdf-base 2016/05/15 v2.6 Base part for package epstopdf

(/usr/share/texmf-dist/tex/latex/oberdiek/grfext.sty
Package: grfext 2016/05/16 v1.2 Manage graphics extensions (HO)

(/usr/share/texmf-dist/tex/generic/oberdiek/kvdefinekeys.sty
Package: kvdefinekeys 2016/05/16 v1.4 Define keys (HO)
))
(/usr/share/texmf-dist/tex/latex/oberdiek/kvoptions.sty
Package: kvoptions 2016/05/16 v3.12 Key value format for package options (HO)

(/usr/share/texmf-dist/tex/generic/oberdiek/kvsetkeys.sty
Package: kvsetkeys 2016/05/16 v1.17 Key value parser (HO)

(/usr/share/texmf-dist/tex/generic/oberdiek/etexcmds.sty
Package: etexcmds 2016/05/16 v1.6 Avoid name clashes with e-TeX commands (HO)

(/usr/share/texmf-dist/tex/generic/oberdiek/ifluatex.sty
Package: ifluatex 2016/05/16 v1.4 Provides the ifluatex switch (HO)
Package ifluatex Info: LuaTeX not detected.
)
Package etexcmds Info: Could not find \expanded.
(etexcmds)             That can mean that you are not using pdfTeX 1.50 or
(etexcmds)             that some package has redefined \expanded.
(etexcmds)             In the latter case, load this package earlier.
)))
(/usr/share/texmf-dist/tex/generic/oberdiek/pdftexcmds.sty
Package: pdftexcmds 2018/01/30 v0.27 Utility functions of pdfTeX for LuaTeX (HO
)
Package pdftexcmds Info: LuaTeX not detected.
Package pdftexcmds Info: \pdf@primitive is available.
Package pdftexcmds Info: \pdf@ifprimitive is available.
Package pdftexcmds Info: \pdfdraftmode found.
)
Package epstopdf-base Info: Redefining graphics rule for `.eps' on input line 4
38.
Package grfext Info: Graphics extension search list:
(grfext)             [.pdf,.png,.jpg,.mps,.jpeg,.jbig2,.jb2,.PDF,.PNG,.JPG,.JPE
G,.JBIG2,.JB2,.eps]
(grfext)             \AppendGraphicsExtensions on input line 456.

(/usr/share/texmf-dist/tex/latex/latexconfig/epstopdf-sys.cfg
File: epstopdf-sys.cfg 2010/07/13 v1.3 Configuration of (r)epstopdf for TeX Liv
e
))
.................................................
. chemgreek info: "mapping-activated"
. 
. Activating mapping `default' on line 16.
.................................................
\AtBeginShipoutBox=\box60

(/usr/share/texmf-dist/tex/latex/oberdiek/pdflscape.sty
Package: pdflscape 2016/05/14 v0.11 Display of landscape pages in PDF (HO)

(/usr/share/texmf-dist/tex/latex/graphics/lscape.sty
Package: lscape 2000/10/22 v3.01 Landscape Pages (DPC)
)
Package pdflscape Info: Auto-detected driver: pdftex on input line 81.

(/usr/share/texmf-dist/tex/generic/ifxetex/ifxetex.sty
Package: ifxetex 2010/09/12 v0.6 Provides ifxetex conditional
)) [1

{/var/lib/texmf/fonts/map/pdftex/updmap/pdftex.map}]
<c.png, id=16, 505.89pt x 505.89pt>
File: c.png Graphic file (type png)
<use c.png>
Package pdftex.def Info: c.png  used on input line 50.
(pdftex.def)             Requested size: 505.88875pt x 505.88875pt.

Overfull \hbox (115.88875pt too wide) in paragraph at lines 50--51
[] 
 []


Package Fancyhdr Warning: \headheight is too small (12.0pt): 
 Make it at least 14.49998pt.
 We now make it that large for the rest of the document.
 This may cause the page layout to be inconsistent, however.

[2]

Package Fancyhdr Warning: \headheight is too small (12.0pt): 
 Make it at least 14.49998pt.
 We now make it that large for the rest of the document.
 This may cause the page layout to be inconsistent, however.

[3 <./c.png>]
<logd.png, id=25, 465.74pt x 421.575pt>
File: logd.png Graphic file (type png)
<use logd.png>
Package pdftex.def Info: logd.png  used on input line 68.
(pdftex.def)             Requested size: 465.73886pt x 421.57396pt.

Overfull \hbox (75.73886pt too wide) in paragraph at lines 68--69
[] 
 []


Package Fancyhdr Warning: \headheight is too small (12.0pt): 
 Make it at least 14.49998pt.
 We now make it that large for the rest of the document.
 This may cause the page layout to be inconsistent, however.

[4]

Package Fancyhdr Warning: \headheight is too small (12.0pt): 
 Make it at least 14.49998pt.
 We now make it that large for the rest of the document.
 This may cause the page layout to be inconsistent, however.

[5 <./logd.png>]

Package Fancyhdr Warning: \headheight is too small (12.0pt): 
 Make it at least 14.49998pt.
 We now make it that large for the rest of the document.
 This may cause the page layout to be inconsistent, however.

[6] (./Ke.aux) ) 
Here is how much of TeX's memory you used:
 23718 strings out of 492642
 467872 string characters out of 6135566
 517808 words of memory out of 5000000
 27304 multiletter control sequences out of 15000+600000
 538017 words of font info for 44 fonts, out of 8000000 for 9000
 1141 hyphenation exceptions out of 8191
 62i,12n,69p,421b,412s stack positions out of 5000i,500n,10000p,200000b,80000s
</usr/share/texmf-dist/fonts/type1/public/amsfonts/cm/cmbx12.pf
b></usr/share/texmf-dist/fonts/type1/public/amsfonts/cm/cmmi12.pfb></usr/share/
texmf-dist/fonts/type1/public/amsfonts/cm/cmmi8.pfb></usr/share/texmf-dist/font
s/type1/public/amsfonts/cm/cmr12.pfb></usr/share/texmf-dist/fonts/type1/public/
amsfonts/cm/cmr17.pfb></usr/share/texmf-dist/fonts/type1/public/amsfonts/cm/cmr
8.pfb></usr/share/texmf-dist/fonts/type1/public/amsfonts/cm/cmsy10.pfb></usr/sh
are/texmf-dist/fonts/type1/public/amsfonts/cm/cmsy8.pfb>
Output written on Ke.pdf (6 pages, 95910 bytes).
PDF statistics:
 63 PDF objects out of 1000 (max. 8388607)
 42 compressed objects within 1 object stream
 0 named destinations out of 1000 (max. 500000)
 23 words of extra memory for PDF output out of 10000 (max. 10000000)

